# JRE version: OpenJDK Runtime Environment Temurin-21.0.8+9 (21.0.8+9) (build 21.0.8+9-LTS)
# Java VM: OpenJDK 64-Bit Server VM Temurin-21.0.8+9 (21.0.8+9-LTS, mixed mode, sharing, tiered, compressed oops, compressed class ptrs, parallel gc, windows-amd64)
GC Precious Log:
 CardTable entry size: 512
 CPUs: 8 total, 8 available
 Memory: 16026M
 Large Page Support: Disabled
 NUMA Support: Disabled
 Compressed Oops: Enabled (32-bit)
 Alignments: Space 512K, Generation 512K, Heap 2M
 Heap Min Capacity: 100M
 Heap Initial Capacity: 100M
 Heap Max Capacity: 2G
 Pre-touch: Disabled
 Parallel Workers: 8
Heap:
 PSYoungGen      total 3072K, used 1057K [0x00000000d5580000, 0x00000000d5a00000, 0x0000000100000000)
  eden space 2560K, 21% used [0x00000000d5580000,0x00000000d5608658,0x00000000d5800000)
  from space 512K, 100% used [0x00000000d5900000,0x00000000d5980000,0x00000000d5980000)
  to   space 1024K, 0% used [0x00000000d5800000,0x00000000d5800000,0x00000000d5900000)
 ParOldGen       total 1160192K, used 800576K [0x0000000080000000, 0x00000000c6d00000, 0x00000000d5580000)
  object space 1160192K, 69% used [0x0000000080000000,0x00000000b0dd0308,0x00000000c6d00000)
 Metaspace       used 91969K, committed 93632K, reserved 1179648K
  class space    used 9459K, committed 10240K, reserved 1048576K
GC Heap History (20 events):
Event: 6006.974 GC heap before
{Heap before GC invocations=1871 (full 4):
 PSYoungGen      total 2560K, used 2506K [0x00000000d5580000, 0x00000000d5900000, 0x0000000100000000)
  eden space 2048K, 99% used [0x00000000d5580000,0x00000000d577ffc8,0x00000000d5780000)
  from space 512K, 89% used [0x00000000d5880000,0x00000000d58f2910,0x00000000d5900000)
  to   space 512K, 0% used [0x00000000d5780000,0x00000000d5780000,0x00000000d5800000)
 ParOldGen       total 1160192K, used 798355K [0x0000000080000000, 0x00000000c6d00000, 0x00000000d5580000)
  object space 1160192K, 68% used [0x0000000080000000,0x00000000b0ba4ff8,0x00000000c6d00000)
 Metaspace       used 91956K, committed 93504K, reserved 1179648K
  class space    used 9459K, committed 10240K, reserved 1048576K
}
Event: 6006.976 GC heap after
{Heap after GC invocations=1871 (full 4):
 PSYoungGen      total 2560K, used 192K [0x00000000d5580000, 0x00000000d5900000, 0x0000000100000000)
  eden space 2048K, 0% used [0x00000000d5580000,0x00000000d5580000,0x00000000d5780000)
  from space 512K, 37% used [0x00000000d5780000,0x00000000d57b0000,0x00000000d5800000)
  to   space 512K, 0% used [0x00000000d5880000,0x00000000d5880000,0x00000000d5900000)
 ParOldGen       total 1160192K, used 798379K [0x0000000080000000, 0x00000000c6d00000, 0x00000000d5580000)
  object space 1160192K, 68% used [0x0000000080000000,0x00000000b0baaff8,0x00000000c6d00000)
 Metaspace       used 91956K, committed 93504K, reserved 1179648K
  class space    used 9459K, committed 10240K, reserved 1048576K
}
Event: 6006.983 GC heap before
{Heap before GC invocations=1872 (full 4):
 PSYoungGen      total 2560K, used 2239K [0x00000000d5580000, 0x00000000d5900000, 0x0000000100000000)
  eden space 2048K, 99% used [0x00000000d5580000,0x00000000d577fff8,0x00000000d5780000)
  from space 512K, 37% used [0x00000000d5780000,0x00000000d57b0000,0x00000000d5800000)
  to   space 512K, 0% used [0x00000000d5880000,0x00000000d5880000,0x00000000d5900000)
 ParOldGen       total 1160192K, used 798379K [0x0000000080000000, 0x00000000c6d00000, 0x00000000d5580000)
  object space 1160192K, 68% used [0x0000000080000000,0x00000000b0baaff8,0x00000000c6d00000)
 Metaspace       used 91956K, committed 93504K, reserved 1179648K
  class space    used 9459K, committed 10240K, reserved 1048576K
}
Event: 6006.985 GC heap after
{Heap after GC invocations=1872 (full 4):
 PSYoungGen      total 2560K, used 458K [0x00000000d5580000, 0x00000000d5900000, 0x0000000100000000)
  eden space 2048K, 0% used [0x00000000d5580000,0x00000000d5580000,0x00000000d5780000)
  from space 512K, 89% used [0x00000000d5880000,0x00000000d58f2910,0x00000000d5900000)
  to   space 512K, 0% used [0x00000000d5780000,0x00000000d5780000,0x00000000d5800000)
 ParOldGen       total 1160192K, used 798435K [0x0000000080000000, 0x00000000c6d00000, 0x00000000d5580000)
  object space 1160192K, 68% used [0x0000000080000000,0x00000000b0bb8ff8,0x00000000c6d00000)
 Metaspace       used 91956K, committed 93504K, reserved 1179648K
  class space    used 9459K, committed 10240K, reserved 1048576K
}
Event: 6006.998 GC heap before
{Heap before GC invocations=1873 (full 4):
 PSYoungGen      total 2560K, used 2404K [0x00000000d5580000, 0x00000000d5900000, 0x0000000100000000)
  eden space 2048K, 95% used [0x00000000d5580000,0x00000000d5766938,0x00000000d5780000)
  from space 512K, 89% used [0x00000000d5880000,0x00000000d58f2910,0x00000000d5900000)
  to   space 512K, 0% used [0x00000000d5780000,0x00000000d5780000,0x00000000d5800000)
 ParOldGen       total 1160192K, used 798435K [0x0000000080000000, 0x00000000c6d00000, 0x00000000d5580000)
  object space 1160192K, 68% used [0x0000000080000000,0x00000000b0bb8ff8,0x00000000c6d00000)
 Metaspace       used 91959K, committed 93568K, reserved 1179648K
  class space    used 9459K, committed 10240K, reserved 1048576K
}
Event: 6007.000 GC heap after
{Heap after GC invocations=1873 (full 4):
 PSYoungGen      total 2560K, used 510K [0x00000000d5580000, 0x00000000d5a80000, 0x0000000100000000)
  eden space 2048K, 0% used [0x00000000d5580000,0x00000000d5580000,0x00000000d5780000)
  from space 512K, 99% used [0x00000000d5780000,0x00000000d57ff938,0x00000000d5800000)
  to   space 1536K, 0% used [0x00000000d5900000,0x00000000d5900000,0x00000000d5a80000)
 ParOldGen       total 1160192K, used 799121K [0x0000000080000000, 0x00000000c6d00000, 0x00000000d5580000)
  object space 1160192K, 68% used [0x0000000080000000,0x00000000b0c645b8,0x00000000c6d00000)
 Metaspace       used 91959K, committed 93568K, reserved 1179648K
  class space    used 9459K, committed 10240K, reserved 1048576K
}
Event: 6007.012 GC heap before
{Heap before GC invocations=1874 (full 4):
 PSYoungGen      total 2560K, used 2558K [0x00000000d5580000, 0x00000000d5a80000, 0x0000000100000000)
  eden space 2048K, 100% used [0x00000000d5580000,0x00000000d5780000,0x00000000d5780000)
  from space 512K, 99% used [0x00000000d5780000,0x00000000d57ff938,0x00000000d5800000)
  to   space 1536K, 0% used [0x00000000d5900000,0x00000000d5900000,0x00000000d5a80000)
 ParOldGen       total 1160192K, used 799121K [0x0000000080000000, 0x00000000c6d00000, 0x00000000d5580000)
  object space 1160192K, 68% used [0x0000000080000000,0x00000000b0c645b8,0x00000000c6d00000)
 Metaspace       used 91959K, committed 93568K, reserved 1179648K
  class space    used 9459K, committed 10240K, reserved 1048576K
}
Event: 6007.014 GC heap after
{Heap after GC invocations=1874 (full 4):
 PSYoungGen      total 3072K, used 645K [0x00000000d5580000, 0x00000000d5a00000, 0x0000000100000000)
  eden space 2048K, 0% used [0x00000000d5580000,0x00000000d5580000,0x00000000d5780000)
  from space 1024K, 63% used [0x00000000d5900000,0x00000000d59a1608,0x00000000d5a00000)
  to   space 1024K, 0% used [0x00000000d5800000,0x00000000d5800000,0x00000000d5900000)
 ParOldGen       total 1160192K, used 799289K [0x0000000080000000, 0x00000000c6d00000, 0x00000000d5580000)
  object space 1160192K, 68% used [0x0000000080000000,0x00000000b0c8e5b8,0x00000000c6d00000)
 Metaspace       used 91959K, committed 93568K, reserved 1179648K
  class space    used 9459K, committed 10240K, reserved 1048576K
}
Event: 6007.017 GC heap before
{Heap before GC invocations=1875 (full 4):
 PSYoungGen      total 3072K, used 2693K [0x00000000d5580000, 0x00000000d5a00000, 0x0000000100000000)
  eden space 2048K, 100% used [0x00000000d5580000,0x00000000d5780000,0x00000000d5780000)
  from space 1024K, 63% used [0x00000000d5900000,0x00000000d59a1608,0x00000000d5a00000)
  to   space 1024K, 0% used [0x00000000d5800000,0x00000000d5800000,0x00000000d5900000)
 ParOldGen       total 1160192K, used 799289K [0x0000000080000000, 0x00000000c6d00000, 0x00000000d5580000)
  object space 1160192K, 68% used [0x0000000080000000,0x00000000b0c8e5b8,0x00000000c6d00000)
 Metaspace       used 91960K, committed 93568K, reserved 1179648K
  class space    used 9459K, committed 10240K, reserved 1048576K
}
Event: 6007.019 GC heap after
{Heap after GC invocations=1875 (full 4):
 PSYoungGen      total 3584K, used 538K [0x00000000d5580000, 0x00000000d5a00000, 0x0000000100000000)
  eden space 2560K, 0% used [0x00000000d5580000,0x00000000d5580000,0x00000000d5800000)
  from space 1024K, 52% used [0x00000000d5800000,0x00000000d5886be8,0x00000000d5900000)
  to   space 1024K, 0% used [0x00000000d5900000,0x00000000d5900000,0x00000000d5a00000)
 ParOldGen       total 1160192K, used 799525K [0x0000000080000000, 0x00000000c6d00000, 0x00000000d5580000)
  object space 1160192K, 68% used [0x0000000080000000,0x00000000b0cc95c8,0x00000000c6d00000)
 Metaspace       used 91960K, committed 93568K, reserved 1179648K
  class space    used 9459K, committed 10240K, reserved 1048576K
}
Event: 6007.380 GC heap before
{Heap before GC invocations=1876 (full 4):
 PSYoungGen      total 3584K, used 3098K [0x00000000d5580000, 0x00000000d5a00000, 0x0000000100000000)
  eden space 2560K, 99% used [0x00000000d5580000,0x00000000d57ffff0,0x00000000d5800000)
  from space 1024K, 52% used [0x00000000d5800000,0x00000000d5886be8,0x00000000d5900000)
  to   space 1024K, 0% used [0x00000000d5900000,0x00000000d5900000,0x00000000d5a00000)
 ParOldGen       total 1160192K, used 799525K [0x0000000080000000, 0x00000000c6d00000, 0x00000000d5580000)
  object space 1160192K, 68% used [0x0000000080000000,0x00000000b0cc95c8,0x00000000c6d00000)
 Metaspace       used 91962K, committed 93568K, reserved 1179648K
  class space    used 9459K, committed 10240K, reserved 1048576K
}
Event: 6007.381 GC heap after
{Heap after GC invocations=1876 (full 4):
 PSYoungGen      total 3584K, used 672K [0x00000000d5580000, 0x00000000d5a00000, 0x0000000100000000)
  eden space 2560K, 0% used [0x00000000d5580000,0x00000000d5580000,0x00000000d5800000)
  from space 1024K, 65% used [0x00000000d5900000,0x00000000d59a8020,0x00000000d5a00000)
  to   space 1024K, 0% used [0x00000000d5800000,0x00000000d5800000,0x00000000d5900000)
 ParOldGen       total 1160192K, used 799849K [0x0000000080000000, 0x00000000c6d00000, 0x00000000d5580000)
  object space 1160192K, 68% used [0x0000000080000000,0x00000000b0d1a7d8,0x00000000c6d00000)
 Metaspace       used 91962K, committed 93568K, reserved 1179648K
  class space    used 9459K, committed 10240K, reserved 1048576K
}
Event: 6007.389 GC heap before
{Heap before GC invocations=1877 (full 4):
 PSYoungGen      total 3584K, used 3232K [0x00000000d5580000, 0x00000000d5a00000, 0x0000000100000000)
  eden space 2560K, 99% used [0x00000000d5580000,0x00000000d57ffff0,0x00000000d5800000)
  from space 1024K, 65% used [0x00000000d5900000,0x00000000d59a8020,0x00000000d5a00000)
  to   space 1024K, 0% used [0x00000000d5800000,0x00000000d5800000,0x00000000d5900000)
 ParOldGen       total 1160192K, used 799849K [0x0000000080000000, 0x00000000c6d00000, 0x00000000d5580000)
  object space 1160192K, 68% used [0x0000000080000000,0x00000000b0d1a7d8,0x00000000c6d00000)
 Metaspace       used 91962K, committed 93568K, reserved 1179648K
  class space    used 9459K, committed 10240K, reserved 1048576K
}
Event: 6007.391 GC heap after
{Heap after GC invocations=1877 (full 4):
 PSYoungGen      total 3584K, used 432K [0x00000000d5580000, 0x00000000d5a00000, 0x0000000100000000)
  eden space 2560K, 0% used [0x00000000d5580000,0x00000000d5580000,0x00000000d5800000)
  from space 1024K, 42% used [0x00000000d5800000,0x00000000d586c010,0x00000000d5900000)
  to   space 1024K, 0% used [0x00000000d5900000,0x00000000d5900000,0x00000000d5a00000)
 ParOldGen       total 1160192K, used 800364K [0x0000000080000000, 0x00000000c6d00000, 0x00000000d5580000)
  object space 1160192K, 68% used [0x0000000080000000,0x00000000b0d9b0f8,0x00000000c6d00000)
 Metaspace       used 91962K, committed 93568K, reserved 1179648K
  class space    used 9459K, committed 10240K, reserved 1048576K
}
Event: 6007.403 GC heap before
{Heap before GC invocations=1878 (full 4):
 PSYoungGen      total 3584K, used 2992K [0x00000000d5580000, 0x00000000d5a00000, 0x0000000100000000)
  eden space 2560K, 100% used [0x00000000d5580000,0x00000000d5800000,0x00000000d5800000)
  from space 1024K, 42% used [0x00000000d5800000,0x00000000d586c010,0x00000000d5900000)
  to   space 1024K, 0% used [0x00000000d5900000,0x00000000d5900000,0x00000000d5a00000)
 ParOldGen       total 1160192K, used 800364K [0x0000000080000000, 0x00000000c6d00000, 0x00000000d5580000)
  object space 1160192K, 68% used [0x0000000080000000,0x00000000b0d9b0f8,0x00000000c6d00000)
 Metaspace       used 91962K, committed 93568K, reserved 1179648K
  class space    used 9459K, committed 10240K, reserved 1048576K
}
Event: 6007.404 GC heap after
{Heap after GC invocations=1878 (full 4):
 PSYoungGen      total 3584K, used 576K [0x00000000d5580000, 0x00000000d5a00000, 0x0000000100000000)
  eden space 2560K, 0% used [0x00000000d5580000,0x00000000d5580000,0x00000000d5800000)
  from space 1024K, 56% used [0x00000000d5900000,0x00000000d5990000,0x00000000d5a00000)
  to   space 1024K, 0% used [0x00000000d5800000,0x00000000d5800000,0x00000000d5900000)
 ParOldGen       total 1160192K, used 800428K [0x0000000080000000, 0x00000000c6d00000, 0x00000000d5580000)
  object space 1160192K, 68% used [0x0000000080000000,0x00000000b0dab0f8,0x00000000c6d00000)
 Metaspace       used 91962K, committed 93568K, reserved 1179648K
  class space    used 9459K, committed 10240K, reserved 1048576K
}
Event: 6043.724 GC heap before
{Heap before GC invocations=1879 (full 4):
 PSYoungGen      total 3584K, used 3136K [0x00000000d5580000, 0x00000000d5a00000, 0x0000000100000000)
  eden space 2560K, 100% used [0x00000000d5580000,0x00000000d5800000,0x00000000d5800000)
  from space 1024K, 56% used [0x00000000d5900000,0x00000000d5990000,0x00000000d5a00000)
  to   space 1024K, 0% used [0x00000000d5800000,0x00000000d5800000,0x00000000d5900000)
 ParOldGen       total 1160192K, used 800428K [0x0000000080000000, 0x00000000c6d00000, 0x00000000d5580000)
  object space 1160192K, 68% used [0x0000000080000000,0x00000000b0dab0f8,0x00000000c6d00000)
 Metaspace       used 91963K, committed 93568K, reserved 1179648K
  class space    used 9459K, committed 10240K, reserved 1048576K
}
Event: 6043.726 GC heap after
{Heap after GC invocations=1879 (full 4):
 PSYoungGen      total 3584K, used 304K [0x00000000d5580000, 0x00000000d5980000, 0x0000000100000000)
  eden space 2560K, 0% used [0x00000000d5580000,0x00000000d5580000,0x00000000d5800000)
  from space 1024K, 29% used [0x00000000d5800000,0x00000000d584c010,0x00000000d5900000)
  to   space 512K, 0% used [0x00000000d5900000,0x00000000d5900000,0x00000000d5980000)
 ParOldGen       total 1160192K, used 800428K [0x0000000080000000, 0x00000000c6d00000, 0x00000000d5580000)
  object space 1160192K, 68% used [0x0000000080000000,0x00000000b0dab0f8,0x00000000c6d00000)
 Metaspace       used 91963K, committed 93568K, reserved 1179648K
  class space    used 9459K, committed 10240K, reserved 1048576K
}
Event: 6212.092 GC heap before
{Heap before GC invocations=1880 (full 4):
 PSYoungGen      total 3584K, used 2864K [0x00000000d5580000, 0x00000000d5980000, 0x0000000100000000)
  eden space 2560K, 100% used [0x00000000d5580000,0x00000000d5800000,0x00000000d5800000)
  from space 1024K, 29% used [0x00000000d5800000,0x00000000d584c010,0x00000000d5900000)
  to   space 512K, 0% used [0x00000000d5900000,0x00000000d5900000,0x00000000d5980000)
 ParOldGen       total 1160192K, used 800428K [0x0000000080000000, 0x00000000c6d00000, 0x00000000d5580000)
  object space 1160192K, 68% used [0x0000000080000000,0x00000000b0dab0f8,0x00000000c6d00000)
 Metaspace       used 91967K, committed 93632K, reserved 1179648K
  class space    used 9459K, committed 10240K, reserved 1048576K
}
Event: 6212.094 GC heap after
{Heap after GC invocations=1880 (full 4):
 PSYoungGen      total 3072K, used 512K [0x00000000d5580000, 0x00000000d5a00000, 0x0000000100000000)
  eden space 2560K, 0% used [0x00000000d5580000,0x00000000d5580000,0x00000000d5800000)
  from space 512K, 100% used [0x00000000d5900000,0x00000000d5980000,0x00000000d5980000)
  to   space 1024K, 0% used [0x00000000d5800000,0x00000000d5800000,0x00000000d5900000)
 ParOldGen       total 1160192K, used 800576K [0x0000000080000000, 0x00000000c6d00000, 0x00000000d5580000)
  object space 1160192K, 69% used [0x0000000080000000,0x00000000b0dd0308,0x00000000c6d00000)
 Metaspace       used 91967K, committed 93632K, reserved 1179648K
  class space    used 9459K, committed 10240K, reserved 1048576K
}

